<?xml version="1.0" encoding="UTF-8"?>
<!-- Generated by org.testng.reporters.JUnitXMLReporter -->
<testsuite hostname="LAP000470" ignored="0" name="Command line test" tests="1" failures="1" timestamp="2021-11-09T10:40:45 IST" time="7.166" errors="0">
  <testcase name="@AfterMethod Application_Quit" time="0.001" classname="Demo.Demo.TestList">
    <failure type="java.lang.NullPointerException">
      <![CDATA[java.lang.NullPointerException
at Demo.Demo.BasicSetup.Application_Close(BasicSetup.java:227)
at Demo.Demo.TestList.Application_Quit(TestList.java:48)
at java.util.ArrayList.forEach(Unknown Source)
at Demo.Demo.Execution.main(Execution.java:18)
... Removed 29 stack frames]]>
    </failure>
  </testcase> <!-- @AfterMethod Application_Quit -->
  <testcase name="Verify_Product_Details" time="0.008" classname="Demo.Demo.TestList">
    <failure type="java.lang.NullPointerException">
      <![CDATA[java.lang.NullPointerException
at Demo.Demo.BasicSetup.Highlight(BasicSetup.java:198)
at Demo.Demo.TestCases.Add_Product_To_Cart(TestCases.java:11)
at Demo.Demo.TestList.Verify_Product_Details(TestList.java:55)
at java.util.ArrayList.forEach(Unknown Source)
at Demo.Demo.Execution.main(Execution.java:18)
... Removed 24 stack frames]]>
    </failure>
  </testcase> <!-- Verify_Product_Details -->
</testsuite> <!-- Command line test -->
